<?xml version="1.0" encoding="UTF-8"?>
<testsuite name="up.JeuDeLaVie.jeu.PlateauTest" tests="1" skipped="0" failures="0" errors="0" timestamp="2022-05-12T14:15:06" hostname="MacBook-Pro-de-Jalal.local" time="0.063">
  <properties/>
  <testcase name="testGenerationSuiv()" classname="up.JeuDeLaVie.jeu.PlateauTest" time="0.063"/>
  <system-out><![CDATA[]]></system-out>
  <system-err><![CDATA[]]></system-err>
</testsuite>
